# JRE version: OpenJDK Runtime Environment Temurin-25.0.1+8 (25.0.1+8) (build 25.0.1+8-LTS)
# Java VM: OpenJDK 64-Bit Server VM Temurin-25.0.1+8 (25.0.1+8-LTS, mixed mode, sharing, tiered, compressed oops, compressed class ptrs, g1 gc, windows-amd64)
GC Precious Log:
 CardTable entry size: 512
 Card Set container configuration: InlinePtr #cards 4 size 8 Array Of Cards #cards 16 size 48 Howl #buckets 8 coarsen threshold 3686 Howl Bitmap #cards 512 size 80 coarsen threshold 460 Card regions per heap region 1 cards per card region 4096
 CPUs: 8 total, 8 available
 Memory: 12091M
 Large Page Support: Disabled
 NUMA Support: Disabled
 Compressed Oops: Enabled (Zero based)
 Heap Region Size: 2M
 Heap Min Capacity: 8M
 Heap Initial Capacity: 190M
 Heap Max Capacity: 3024M
 Pre-touch: Disabled
 Parallel Workers: 8
 Concurrent Workers: 2
 Concurrent Refinement Workers: 8
 Periodic GC: Disabled
Heap:
 garbage-first heap   total reserved 3096576K, committed 143360K, used 63668K [0x0000000743000000, 0x0000000800000000)
  region size 2048K, 14 young (28672K), 1 survivors (2048K)
GC Heap Usage History (20 events):
Event: 169.595 {heap Before GC invocations=8 (full 0):
 garbage-first heap   total reserved 3096576K, committed 196608K, used 158324K [0x0000000743000000, 0x0000000800000000)
  region size 2048K, 25 young (51200K), 2 survivors (4096K)
}
Event: 169.600 {heap After GC invocations=9 (full 0):
 garbage-first heap   total reserved 3096576K, committed 196608K, used 115934K [0x0000000743000000, 0x0000000800000000)
  region size 2048K, 4 young (8192K), 4 survivors (8192K)
}
Event: 200.742 {heap Before GC invocations=10 (full 0):
 garbage-first heap   total reserved 3096576K, committed 143360K, used 92072K [0x0000000743000000, 0x0000000800000000)
  region size 2048K, 27 young (55296K), 4 survivors (8192K)
}
Event: 200.748 {heap After GC invocations=11 (full 0):
 garbage-first heap   total reserved 3096576K, committed 143360K, used 47057K [0x0000000743000000, 0x0000000800000000)
  region size 2048K, 4 young (8192K), 4 survivors (8192K)
}
Event: 203.232 {heap Before GC invocations=11 (full 0):
 garbage-first heap   total reserved 3096576K, committed 143360K, used 106449K [0x0000000743000000, 0x0000000800000000)
  region size 2048K, 34 young (69632K), 4 survivors (8192K)
}
Event: 203.237 {heap After GC invocations=12 (full 0):
 garbage-first heap   total reserved 3096576K, committed 143360K, used 31303K [0x0000000743000000, 0x0000000800000000)
  region size 2048K, 4 young (8192K), 4 survivors (8192K)
}
Event: 204.074 {heap Before GC invocations=12 (full 0):
 garbage-first heap   total reserved 3096576K, committed 143360K, used 102983K [0x0000000743000000, 0x0000000800000000)
  region size 2048K, 40 young (81920K), 4 survivors (8192K)
}
Event: 204.078 {heap After GC invocations=13 (full 0):
 garbage-first heap   total reserved 3096576K, committed 143360K, used 28725K [0x0000000743000000, 0x0000000800000000)
  region size 2048K, 2 young (4096K), 2 survivors (4096K)
}
Event: 214.979 {heap Before GC invocations=13 (full 0):
 garbage-first heap   total reserved 3096576K, committed 143360K, used 106549K [0x0000000743000000, 0x0000000800000000)
  region size 2048K, 41 young (83968K), 2 survivors (4096K)
}
Event: 214.984 {heap After GC invocations=14 (full 0):
 garbage-first heap   total reserved 3096576K, committed 143360K, used 33066K [0x0000000743000000, 0x0000000800000000)
  region size 2048K, 5 young (10240K), 5 survivors (10240K)
}
Event: 229.453 {heap Before GC invocations=14 (full 0):
 garbage-first heap   total reserved 3096576K, committed 143360K, used 108842K [0x0000000743000000, 0x0000000800000000)
  region size 2048K, 42 young (86016K), 5 survivors (10240K)
}
Event: 229.458 {heap After GC invocations=15 (full 0):
 garbage-first heap   total reserved 3096576K, committed 143360K, used 32325K [0x0000000743000000, 0x0000000800000000)
  region size 2048K, 4 young (8192K), 4 survivors (8192K)
}
Event: 233.572 {heap Before GC invocations=15 (full 0):
 garbage-first heap   total reserved 3096576K, committed 143360K, used 110149K [0x0000000743000000, 0x0000000800000000)
  region size 2048K, 42 young (86016K), 4 survivors (8192K)
}
Event: 233.579 {heap After GC invocations=16 (full 0):
 garbage-first heap   total reserved 3096576K, committed 143360K, used 35652K [0x0000000743000000, 0x0000000800000000)
  region size 2048K, 6 young (12288K), 6 survivors (12288K)
}
Event: 846.543 {heap Before GC invocations=16 (full 0):
 garbage-first heap   total reserved 3096576K, committed 143360K, used 111428K [0x0000000743000000, 0x0000000800000000)
  region size 2048K, 42 young (86016K), 6 survivors (12288K)
}
Event: 846.593 {heap After GC invocations=17 (full 0):
 garbage-first heap   total reserved 3096576K, committed 143360K, used 41772K [0x0000000743000000, 0x0000000800000000)
  region size 2048K, 5 young (10240K), 5 survivors (10240K)
}
Event: 871.119 {heap Before GC invocations=17 (full 0):
 garbage-first heap   total reserved 3096576K, committed 143360K, used 113452K [0x0000000743000000, 0x0000000800000000)
  region size 2048K, 40 young (81920K), 5 survivors (10240K)
}
Event: 871.147 {heap After GC invocations=18 (full 0):
 garbage-first heap   total reserved 3096576K, committed 143360K, used 41964K [0x0000000743000000, 0x0000000800000000)
  region size 2048K, 5 young (10240K), 5 survivors (10240K)
}
Event: 919.366 {heap Before GC invocations=18 (full 0):
 garbage-first heap   total reserved 3096576K, committed 143360K, used 115692K [0x0000000743000000, 0x0000000800000000)
  region size 2048K, 39 young (79872K), 5 survivors (10240K)
}
Event: 919.370 {heap After GC invocations=19 (full 0):
 garbage-first heap   total reserved 3096576K, committed 143360K, used 39092K [0x0000000743000000, 0x0000000800000000)
  region size 2048K, 1 young (2048K), 1 survivors (2048K)
}

