# JRE version: OpenJDK Runtime Environment Temurin-25.0.1+8 (25.0.1+8) (build 25.0.1+8-LTS)
# Java VM: OpenJDK 64-Bit Server VM Temurin-25.0.1+8 (25.0.1+8-LTS, mixed mode, sharing, tiered, compressed oops, compressed class ptrs, g1 gc, windows-amd64)
GC Precious Log:
 CardTable entry size: 512
 Card Set container configuration: InlinePtr #cards 4 size 8 Array Of Cards #cards 16 size 48 Howl #buckets 8 coarsen threshold 3686 Howl Bitmap #cards 512 size 80 coarsen threshold 460 Card regions per heap region 1 cards per card region 4096
 CPUs: 8 total, 8 available
 Memory: 12091M
 Large Page Support: Disabled
 NUMA Support: Disabled
 Compressed Oops: Enabled (Zero based)
 Heap Region Size: 2M
 Heap Min Capacity: 8M
 Heap Initial Capacity: 190M
 Heap Max Capacity: 3024M
 Pre-touch: Disabled
 Parallel Workers: 8
 Concurrent Workers: 2
 Concurrent Refinement Workers: 8
 Periodic GC: Disabled
Heap:
 garbage-first heap   total reserved 3096576K, committed 301056K, used 221184K [0x0000000743000000, 0x0000000800000000)
  region size 2048K, 69 young (141312K), 4 survivors (8192K)
GC Heap Usage History (20 events):
Event: 15426.014 {heap Before GC invocations=17 (full 0):
 garbage-first heap   total reserved 3096576K, committed 122880K, used 102693K [0x0000000743000000, 0x0000000800000000)
  region size 2048K, 31 young (63488K), 4 survivors (8192K)
}
Event: 15426.028 {heap After GC invocations=18 (full 0):
 garbage-first heap   total reserved 3096576K, committed 122880K, used 57736K [0x0000000743000000, 0x0000000800000000)
  region size 2048K, 4 young (8192K), 4 survivors (8192K)
}
Event: 15426.452 {heap Before GC invocations=18 (full 0):
 garbage-first heap   total reserved 3096576K, committed 122880K, used 102792K [0x0000000743000000, 0x0000000800000000)
  region size 2048K, 26 young (53248K), 4 survivors (8192K)
}
Event: 15426.468 {heap After GC invocations=19 (full 0):
 garbage-first heap   total reserved 3096576K, committed 129024K, used 75274K [0x0000000743000000, 0x0000000800000000)
  region size 2048K, 4 young (8192K), 4 survivors (8192K)
}
Event: 15426.722 {heap Before GC invocations=19 (full 0):
 garbage-first heap   total reserved 3096576K, committed 129024K, used 105994K [0x0000000743000000, 0x0000000800000000)
  region size 2048K, 20 young (40960K), 4 survivors (8192K)
}
Event: 15426.734 {heap After GC invocations=20 (full 0):
 garbage-first heap   total reserved 3096576K, committed 163840K, used 86016K [0x0000000743000000, 0x0000000800000000)
  region size 2048K, 3 young (6144K), 3 survivors (6144K)
}
Event: 15427.023 {heap Before GC invocations=21 (full 0):
 garbage-first heap   total reserved 3096576K, committed 163840K, used 116736K [0x0000000743000000, 0x0000000800000000)
  region size 2048K, 25 young (51200K), 3 survivors (6144K)
}
Event: 15427.037 {heap After GC invocations=22 (full 0):
 garbage-first heap   total reserved 3096576K, committed 163840K, used 83968K [0x0000000743000000, 0x0000000800000000)
  region size 2048K, 4 young (8192K), 4 survivors (8192K)
}
Event: 15427.392 {heap Before GC invocations=22 (full 0):
 garbage-first heap   total reserved 3096576K, committed 163840K, used 129024K [0x0000000743000000, 0x0000000800000000)
  region size 2048K, 26 young (53248K), 4 survivors (8192K)
}
Event: 15427.415 {heap After GC invocations=23 (full 0):
 garbage-first heap   total reserved 3096576K, committed 163840K, used 77036K [0x0000000743000000, 0x0000000800000000)
  region size 2048K, 4 young (8192K), 4 survivors (8192K)
}
Event: 16500.766 {heap Before GC invocations=23 (full 0):
 garbage-first heap   total reserved 3096576K, committed 163840K, used 122092K [0x0000000743000000, 0x0000000800000000)
  region size 2048K, 27 young (55296K), 4 survivors (8192K)
}
Event: 16500.779 {heap After GC invocations=24 (full 0):
 garbage-first heap   total reserved 3096576K, committed 163840K, used 79346K [0x0000000743000000, 0x0000000800000000)
  region size 2048K, 3 young (6144K), 3 survivors (6144K)
}
Event: 16500.946 {heap Before GC invocations=24 (full 0):
 garbage-first heap   total reserved 3096576K, committed 163840K, used 128498K [0x0000000743000000, 0x0000000800000000)
  region size 2048K, 27 young (55296K), 3 survivors (6144K)
}
Event: 16500.962 {heap After GC invocations=25 (full 0):
 garbage-first heap   total reserved 3096576K, committed 163840K, used 96256K [0x0000000743000000, 0x0000000800000000)
  region size 2048K, 4 young (8192K), 4 survivors (8192K)
}
Event: 16501.121 {heap Before GC invocations=26 (full 0):
 garbage-first heap   total reserved 3096576K, committed 163840K, used 112640K [0x0000000743000000, 0x0000000800000000)
  region size 2048K, 22 young (45056K), 4 survivors (8192K)
}
Event: 16501.135 {heap After GC invocations=27 (full 0):
 garbage-first heap   total reserved 3096576K, committed 163840K, used 90112K [0x0000000743000000, 0x0000000800000000)
  region size 2048K, 3 young (6144K), 3 survivors (6144K)
}
Event: 16501.427 {heap Before GC invocations=27 (full 0):
 garbage-first heap   total reserved 3096576K, committed 163840K, used 129024K [0x0000000743000000, 0x0000000800000000)
  region size 2048K, 23 young (47104K), 3 survivors (6144K)
}
Event: 16501.440 {heap After GC invocations=28 (full 0):
 garbage-first heap   total reserved 3096576K, committed 163840K, used 74047K [0x0000000743000000, 0x0000000800000000)
  region size 2048K, 3 young (6144K), 3 survivors (6144K)
}
Event: 16501.846 {heap Before GC invocations=28 (full 0):
 garbage-first heap   total reserved 3096576K, committed 163840K, used 123199K [0x0000000743000000, 0x0000000800000000)
  region size 2048K, 28 young (57344K), 3 survivors (6144K)
}
Event: 16501.868 {heap After GC invocations=29 (full 0):
 garbage-first heap   total reserved 3096576K, committed 301056K, used 81920K [0x0000000743000000, 0x0000000800000000)
  region size 2048K, 4 young (8192K), 4 survivors (8192K)
}

